
Showing logs for build [32mbootstrap-jersey-jx-app-fossa-m-mnkjp-10[0m stage [32mrelease[0m and container [32mstep-credential-initializer-59dw4[0m
{"level":"warn","ts":1575476619.10004,"logger":"fallback-logger","caller":"logging/config.go:69","msg":"Fetch GitHub commit ID from kodata failed: \"ref: refs/heads/master\" is not a valid GitHub commit ID"}
{"level":"info","ts":1575476619.1004736,"logger":"fallback-logger","caller":"creds-init/main.go:40","msg":"Credentials initialized."}

Showing logs for build [32mbootstrap-jersey-jx-app-fossa-m-mnkjp-10[0m stage [32mrelease[0m and container [32mstep-working-dir-initializer-mz7kj[0m
{"level":"warn","ts":1575476620.044754,"logger":"fallback-logger","caller":"logging/config.go:69","msg":"Fetch GitHub commit ID from kodata failed: open /var/run/ko/HEAD: no such file or directory"}
{"level":"info","ts":1575476620.0460808,"logger":"fallback-logger","caller":"bash/main.go:65","msg":"Successfully executed command \"mkdir -p /workspace/source\""}

Showing logs for build [32mbootstrap-jersey-jx-app-fossa-m-mnkjp-10[0m stage [32mrelease[0m and container [32mstep-place-tools[0m

Showing logs for build [32mbootstrap-jersey-jx-app-fossa-m-mnkjp-10[0m stage [32mrelease[0m and container [32mstep-git-source-bootstrap-jersey-jx-app-fossa-m-xw6qk[0m
{"level":"warn","ts":1575476626.1776474,"logger":"fallback-logger","caller":"logging/config.go:69","msg":"Fetch GitHub commit ID from kodata failed: \"ref: refs/heads/master\" is not a valid GitHub commit ID"}
{"level":"info","ts":1575476627.8335803,"logger":"fallback-logger","caller":"git/git.go:102","msg":"Successfully cloned https://github.com/Bootstrap-Jersey/**-app-fossa.git @ v0.0.9 in path /workspace/source"}

Showing logs for build [32mbootstrap-jersey-jx-app-fossa-m-mnkjp-10[0m stage [32mrelease[0m and container [32mstep-git-merge[0m
Using SHAs from PULL_REFS=master:5f1836d76c1d2e374b3b17060605fad56d15c40c
WARNING: no SHAs to merge, falling back to initial cloned commit

Showing logs for build [32mbootstrap-jersey-jx-app-fossa-m-mnkjp-10[0m stage [32mrelease[0m and container [32mstep-container-build[0m
cat: VERSION: No such file or directory
Generating tags...
 - **-mar19/**-app-fossa -> /**-mar19/**-app-fossa:
Checking cache...
 - **-mar19/**-app-fossa: Not found. Building
Building [**-mar19/**-app-fossa]...
time="2019-12-04T16:23:48Z" level=fatal msg="build failed: build failed: building [**-mar19/**-app-fossa]: build artifact: docker build: Cannot connect to the Docker daemon at unix:///var/run/docker.sock. Is the docker daemon running?"
[31m
Pipeline failed on stage 'release' : container 'step-container-build'. The execution of the pipeline has stopped.[0m
