
Showing logs for build [32mbootstrap-jersey-jx-app-fossa-m-q95fc-12[0m stage [32mfrom-build-pack[0m and container [32mstep-credential-initializer-djpsm[0m
{"level":"warn","ts":1575477156.8506644,"logger":"fallback-logger","caller":"logging/config.go:69","msg":"Fetch GitHub commit ID from kodata failed: \"ref: refs/heads/master\" is not a valid GitHub commit ID"}
{"level":"info","ts":1575477156.851134,"logger":"fallback-logger","caller":"creds-init/main.go:40","msg":"Credentials initialized."}

Showing logs for build [32mbootstrap-jersey-jx-app-fossa-m-q95fc-12[0m stage [32mfrom-build-pack[0m and container [32mstep-working-dir-initializer-xtq6g[0m
{"level":"warn","ts":1575477157.8674304,"logger":"fallback-logger","caller":"logging/config.go:69","msg":"Fetch GitHub commit ID from kodata failed: open /var/run/ko/HEAD: no such file or directory"}
{"level":"info","ts":1575477157.8688836,"logger":"fallback-logger","caller":"bash/main.go:65","msg":"Successfully executed command \"mkdir -p /workspace/source\""}

Showing logs for build [32mbootstrap-jersey-jx-app-fossa-m-q95fc-12[0m stage [32mfrom-build-pack[0m and container [32mstep-place-tools[0m

Showing logs for build [32mbootstrap-jersey-jx-app-fossa-m-q95fc-12[0m stage [32mfrom-build-pack[0m and container [32mstep-git-source-bootstrap-jersey-jx-app-fossa-m-t8z6p[0m
{"level":"warn","ts":1575477164.964147,"logger":"fallback-logger","caller":"logging/config.go:69","msg":"Fetch GitHub commit ID from kodata failed: \"ref: refs/heads/master\" is not a valid GitHub commit ID"}
{"level":"info","ts":1575477166.5496006,"logger":"fallback-logger","caller":"git/git.go:102","msg":"Successfully cloned https://github.com/Bootstrap-Jersey/**-app-fossa.git @ v0.0.11 in path /workspace/source"}

Showing logs for build [32mbootstrap-jersey-jx-app-fossa-m-q95fc-12[0m stage [32mfrom-build-pack[0m and container [32mstep-git-merge[0m
Using SHAs from PULL_REFS=master:62c6c8ed620dec696642e282891670f02e7e9f78
WARNING: no SHAs to merge, falling back to initial cloned commit

Showing logs for build [32mbootstrap-jersey-jx-app-fossa-m-q95fc-12[0m stage [32mfrom-build-pack[0m and container [32mstep-setup-jx-git-credentials[0m
Generated Git credentials file /workspace/xdg_config/git/credentials

Showing logs for build [32mbootstrap-jersey-jx-app-fossa-m-q95fc-12[0m stage [32mfrom-build-pack[0m and container [32mstep-build-make-build[0m
go: warning: "./..." matched no packages
go: warning: "./..." matched no packages
echo 'nothing to build'
nothing to build

Showing logs for build [32mbootstrap-jersey-jx-app-fossa-m-q95fc-12[0m stage [32mfrom-build-pack[0m and container [32mstep-build-container-build[0m
[36mINFO[0m[0000] No base image, nothing to extract            
[36mINFO[0m[0000] Using files from context: [/workspace/source/**-app-fossa.sh] 
[36mINFO[0m[0000] Checking for cached layer gcr.io/**-mar19/cache:6317c810adb1be8e190e791d82fbd2cf2e96765ca743cd3541562cc0e6b651ba... 
[36mINFO[0m[0000] No cached layer found for cmd RUN chmod +x /**-app-fossa.sh 
[36mINFO[0m[0000] Unpacking rootfs as cmd RUN chmod +x /**-app-fossa.sh requires it. 
[36mINFO[0m[0000] Taking snapshot of full filesystem...        
[36mINFO[0m[0000] Using files from context: [/workspace/source/**-app-fossa.sh] 
[36mINFO[0m[0000] COPY ./**-app-fossa.sh /                     
[36mINFO[0m[0000] Taking snapshot of files...                  
[36mINFO[0m[0000] RUN chmod +x /**-app-fossa.sh                
[36mINFO[0m[0000] cmd: /bin/sh                                 
[36mINFO[0m[0000] args: [-c chmod +x /**-app-fossa.sh]         
error building image: error building stage: starting command: fork/exec /bin/sh: no such file or directory
[31m
Pipeline failed on stage 'from-build-pack' : container 'step-build-container-build'. The execution of the pipeline has stopped.[0m
