
Showing logs for build [32mbootstrap-jersey-jx-app-fossa-m-kclhj-13[0m stage [32mfrom-build-pack[0m and container [32mstep-credential-initializer-dnbpn[0m
{"level":"warn","ts":1575480001.7540417,"logger":"fallback-logger","caller":"logging/config.go:69","msg":"Fetch GitHub commit ID from kodata failed: \"ref: refs/heads/master\" is not a valid GitHub commit ID"}
{"level":"info","ts":1575480001.7545981,"logger":"fallback-logger","caller":"creds-init/main.go:40","msg":"Credentials initialized."}

Showing logs for build [32mbootstrap-jersey-jx-app-fossa-m-kclhj-13[0m stage [32mfrom-build-pack[0m and container [32mstep-working-dir-initializer-qj77f[0m
{"level":"warn","ts":1575480002.3312287,"logger":"fallback-logger","caller":"logging/config.go:69","msg":"Fetch GitHub commit ID from kodata failed: open /var/run/ko/HEAD: no such file or directory"}
{"level":"info","ts":1575480002.3323965,"logger":"fallback-logger","caller":"bash/main.go:65","msg":"Successfully executed command \"mkdir -p /workspace/source\""}

Showing logs for build [32mbootstrap-jersey-jx-app-fossa-m-kclhj-13[0m stage [32mfrom-build-pack[0m and container [32mstep-place-tools[0m

Showing logs for build [32mbootstrap-jersey-jx-app-fossa-m-kclhj-13[0m stage [32mfrom-build-pack[0m and container [32mstep-git-source-bootstrap-jersey-jx-app-fossa-m-tg6zl[0m
{"level":"warn","ts":1575480010.481688,"logger":"fallback-logger","caller":"logging/config.go:69","msg":"Fetch GitHub commit ID from kodata failed: \"ref: refs/heads/master\" is not a valid GitHub commit ID"}
{"level":"info","ts":1575480012.1883163,"logger":"fallback-logger","caller":"git/git.go:102","msg":"Successfully cloned https://github.com/Bootstrap-Jersey/**-app-fossa.git @ v0.0.12 in path /workspace/source"}

Showing logs for build [32mbootstrap-jersey-jx-app-fossa-m-kclhj-13[0m stage [32mfrom-build-pack[0m and container [32mstep-git-merge[0m
Using SHAs from PULL_REFS=master:078f57bdaac1633a400f9a5838b0e28b926533a5
WARNING: no SHAs to merge, falling back to initial cloned commit

Showing logs for build [32mbootstrap-jersey-jx-app-fossa-m-kclhj-13[0m stage [32mfrom-build-pack[0m and container [32mstep-setup-jx-git-credentials[0m
Generated Git credentials file /workspace/xdg_config/git/credentials

Showing logs for build [32mbootstrap-jersey-jx-app-fossa-m-kclhj-13[0m stage [32mfrom-build-pack[0m and container [32mstep-build-make-build[0m
go: warning: "./..." matched no packages
go: warning: "./..." matched no packages
echo 'nothing to build'
nothing to build

Showing logs for build [32mbootstrap-jersey-jx-app-fossa-m-kclhj-13[0m stage [32mfrom-build-pack[0m and container [32mstep-build-container-build[0m
[36mINFO[0m[0000] Downloading base image gcr.io/jenkinsxio/dev-env-base:0.0.468-go-alpine 
[36mINFO[0m[0000] Error while retrieving image from cache: getting file info: stat /workspace/sha256:60476d4d3aa2232bdf15bcdcef05c5b8795acf9947df6cfc850cadf61aafa7a2: no such file or directory 
[36mINFO[0m[0000] Downloading base image gcr.io/jenkinsxio/dev-env-base:0.0.468-go-alpine 
[36mINFO[0m[0001] Using files from context: [/workspace/source/**-app-fossa.sh] 
[36mINFO[0m[0001] Checking for cached layer gcr.io/**-mar19/cache:d15353c5865e129fd26fc0ba4c2d189fc80e51fc2a6db08916547c311a58ddba... 
[36mINFO[0m[0002] No cached layer found for cmd RUN chmod +x /**-app-fossa.sh 
[36mINFO[0m[0002] Unpacking rootfs as cmd RUN chmod +x /**-app-fossa.sh requires it. 
[36mINFO[0m[0258] Taking snapshot of full filesystem...        
[36mINFO[0m[1655] Using files from context: [/workspace/source/**-app-fossa.sh] 
[36mINFO[0m[1655] COPY ./**-app-fossa.sh /                     
[36mINFO[0m[1655] Taking snapshot of files...                  
[36mINFO[0m[1655] RUN chmod +x /**-app-fossa.sh                
[36mINFO[0m[1655] cmd: /bin/sh                                 
[36mINFO[0m[1655] args: [-c chmod +x /**-app-fossa.sh]         
chmod: changing permissions of '/**-app-fossa.sh': Operation not permitted
error building image: error building stage: waiting for process to exit: exit status 1
[31m
Pipeline failed on stage 'from-build-pack' : container 'step-build-container-build'. The execution of the pipeline has stopped.[0m
