
Showing logs for build [32mbootstrap-jersey-jx-app-fossa-m-zd574-17[0m stage [32mfrom-build-pack[0m and container [32mstep-credential-initializer-9gbd9[0m
{"level":"warn","ts":1575545344.762548,"logger":"fallback-logger","caller":"logging/config.go:69","msg":"Fetch GitHub commit ID from kodata failed: \"ref: refs/heads/master\" is not a valid GitHub commit ID"}
{"level":"info","ts":1575545344.763389,"logger":"fallback-logger","caller":"creds-init/main.go:40","msg":"Credentials initialized."}

Showing logs for build [32mbootstrap-jersey-jx-app-fossa-m-zd574-17[0m stage [32mfrom-build-pack[0m and container [32mstep-working-dir-initializer-hpg45[0m
{"level":"warn","ts":1575545345.1800325,"logger":"fallback-logger","caller":"logging/config.go:69","msg":"Fetch GitHub commit ID from kodata failed: open /var/run/ko/HEAD: no such file or directory"}
{"level":"info","ts":1575545345.181377,"logger":"fallback-logger","caller":"bash/main.go:65","msg":"Successfully executed command \"mkdir -p /workspace/source\""}

Showing logs for build [32mbootstrap-jersey-jx-app-fossa-m-zd574-17[0m stage [32mfrom-build-pack[0m and container [32mstep-place-tools[0m

Showing logs for build [32mbootstrap-jersey-jx-app-fossa-m-zd574-17[0m stage [32mfrom-build-pack[0m and container [32mstep-git-source-bootstrap-jersey-jx-app-fossa-m-fclc5[0m
{"level":"warn","ts":1575545353.3386421,"logger":"fallback-logger","caller":"logging/config.go:69","msg":"Fetch GitHub commit ID from kodata failed: \"ref: refs/heads/master\" is not a valid GitHub commit ID"}
{"level":"info","ts":1575545355.067629,"logger":"fallback-logger","caller":"git/git.go:102","msg":"Successfully cloned https://github.com/Bootstrap-Jersey/**-app-fossa.git @ v0.0.16 in path /workspace/source"}

Showing logs for build [32mbootstrap-jersey-jx-app-fossa-m-zd574-17[0m stage [32mfrom-build-pack[0m and container [32mstep-git-merge[0m
Using SHAs from PULL_REFS=master:7339873b329e212f814351baecf789870479430d
WARNING: no SHAs to merge, falling back to initial cloned commit

Showing logs for build [32mbootstrap-jersey-jx-app-fossa-m-zd574-17[0m stage [32mfrom-build-pack[0m and container [32mstep-setup-jx-git-credentials[0m
Generated Git credentials file /workspace/xdg_config/git/credentials

Showing logs for build [32mbootstrap-jersey-jx-app-fossa-m-zd574-17[0m stage [32mfrom-build-pack[0m and container [32mstep-build-make-build[0m
go: warning: "./..." matched no packages
go: warning: "./..." matched no packages
echo 'nothing to build'
nothing to build

Showing logs for build [32mbootstrap-jersey-jx-app-fossa-m-zd574-17[0m stage [32mfrom-build-pack[0m and container [32mstep-build-container-build[0m
[36mINFO[0m[0000] Downloading base image gcr.io/jenkinsxio/dev-env-base:0.0.468-go-alpine 
[36mINFO[0m[0000] Error while retrieving image from cache: getting file info: stat /workspace/sha256:60476d4d3aa2232bdf15bcdcef05c5b8795acf9947df6cfc850cadf61aafa7a2: no such file or directory 
[36mINFO[0m[0000] Downloading base image gcr.io/jenkinsxio/dev-env-base:0.0.468-go-alpine 
[36mINFO[0m[0001] Checking for cached layer gcr.io/**-mar19/cache:47871a1b2233488816468dfbe40663ccec2c82a3858de4ff024367c351d6fb16... 
[36mINFO[0m[0001] No cached layer found for cmd RUN curl https://raw.githubusercontent.com/fossas/fossa-cli/master/install.sh | bash 
[36mINFO[0m[0001] Unpacking rootfs as cmd RUN curl https://raw.githubusercontent.com/fossas/fossa-cli/master/install.sh | bash requires it. 
[36mINFO[0m[0192] Taking snapshot of full filesystem...        
[36mINFO[0m[1593] RUN curl https://raw.githubusercontent.com/fossas/fossa-cli/master/install.sh | bash 
[36mINFO[0m[1593] cmd: /bin/sh                                 
[36mINFO[0m[1593] args: [-c curl https://raw.githubusercontent.com/fossas/fossa-cli/master/install.sh | bash] 
  % Total    % Received % Xferd  Average Speed   Time    Time     Time  Current
                                 Dload  Upload   Total   Spent    Left  Speed
  0     0    0     0    0     0      0      0 --:--:-- --:--:-- --:--:--     0100  9460  100  9460    0     0  40084      0 --:--:-- --:--:-- --:--:-- 40084
fossas/fossa-cli info checking GitHub for latest tag
fossas/fossa-cli info found version: 1.0.16 for v1.0.16/linux/amd64
sudo: /usr/bin/sudo must be owned by uid 0 and have the setuid bit set
error building image: error building stage: waiting for process to exit: exit status 1
[31m
Pipeline failed on stage 'from-build-pack' : container 'step-build-container-build'. The execution of the pipeline has stopped.[0m
