
Showing logs for build [32mbootstrap-jersey-jx-app-fossa-m-4cdhp-27[0m stage [32mfrom-build-pack[0m and container [32mstep-credential-initializer-47dn2[0m
{"level":"warn","ts":1575652148.1005383,"logger":"fallback-logger","caller":"logging/config.go:69","msg":"Fetch GitHub commit ID from kodata failed: \"ref: refs/heads/master\" is not a valid GitHub commit ID"}
{"level":"info","ts":1575652148.1009946,"logger":"fallback-logger","caller":"creds-init/main.go:40","msg":"Credentials initialized."}

Showing logs for build [32mbootstrap-jersey-jx-app-fossa-m-4cdhp-27[0m stage [32mfrom-build-pack[0m and container [32mstep-working-dir-initializer-2nm8n[0m
{"level":"warn","ts":1575652149.065149,"logger":"fallback-logger","caller":"logging/config.go:69","msg":"Fetch GitHub commit ID from kodata failed: open /var/run/ko/HEAD: no such file or directory"}
{"level":"info","ts":1575652149.0668263,"logger":"fallback-logger","caller":"bash/main.go:65","msg":"Successfully executed command \"mkdir -p /workspace/source\""}

Showing logs for build [32mbootstrap-jersey-jx-app-fossa-m-4cdhp-27[0m stage [32mfrom-build-pack[0m and container [32mstep-place-tools[0m

Showing logs for build [32mbootstrap-jersey-jx-app-fossa-m-4cdhp-27[0m stage [32mfrom-build-pack[0m and container [32mstep-git-source-bootstrap-jersey-jx-app-fossa-m-b72f8[0m
{"level":"warn","ts":1575652156.2465143,"logger":"fallback-logger","caller":"logging/config.go:69","msg":"Fetch GitHub commit ID from kodata failed: \"ref: refs/heads/master\" is not a valid GitHub commit ID"}
{"level":"info","ts":1575652157.8155277,"logger":"fallback-logger","caller":"git/git.go:102","msg":"Successfully cloned https://github.com/Bootstrap-Jersey/**-app-fossa.git @ v0.0.26 in path /workspace/source"}

Showing logs for build [32mbootstrap-jersey-jx-app-fossa-m-4cdhp-27[0m stage [32mfrom-build-pack[0m and container [32mstep-git-merge[0m
Using SHAs from PULL_REFS=master:515befcf0fc3bd33090731127667a69e8781c64d
WARNING: no SHAs to merge, falling back to initial cloned commit

Showing logs for build [32mbootstrap-jersey-jx-app-fossa-m-4cdhp-27[0m stage [32mfrom-build-pack[0m and container [32mstep-setup-jx-git-credentials[0m
Generated Git credentials file /workspace/xdg_config/git/credentials

Showing logs for build [32mbootstrap-jersey-jx-app-fossa-m-4cdhp-27[0m stage [32mfrom-build-pack[0m and container [32mstep-build-make-build[0m
go: warning: "./..." matched no packages
go: warning: "./..." matched no packages
echo 'nothing to build'
nothing to build

Showing logs for build [32mbootstrap-jersey-jx-app-fossa-m-4cdhp-27[0m stage [32mfrom-build-pack[0m and container [32mstep-build-container-build[0m
[36mINFO[0m[0000] Downloading base image gcr.io/jenkinsxio/builder-go-maven:2.0.1062-389 
[36mINFO[0m[0000] Error while retrieving image from cache: getting file info: stat /workspace/sha256:18719c23d11d291db52d4b21ddc601438229f413aa5c4c91bba65391d5cbe314: no such file or directory 
[36mINFO[0m[0000] Downloading base image gcr.io/jenkinsxio/builder-go-maven:2.0.1062-389 
[36mINFO[0m[0001] cmd: USER                                    
[36mINFO[0m[0001] Using files from context: [/workspace/source/**-app-fossa.sh] 
[36mINFO[0m[0001] Skipping unpacking as no commands require it. 
[36mINFO[0m[0001] Taking snapshot of full filesystem...        
[36mINFO[0m[0001] USER root                                    
[36mINFO[0m[0001] cmd: USER                                    
[36mINFO[0m[0001] No files changed in this command, skipping snapshotting. 
[36mINFO[0m[0001] Using files from context: [/workspace/source/**-app-fossa.sh] 
[36mINFO[0m[0001] COPY ./**-app-fossa.sh /                     
[36mINFO[0m[0001] Taking snapshot of files...                  
[36mINFO[0m[0001] ENTRYPOINT ["/**-app-fossa.sh"]              
[36mINFO[0m[0001] No files changed in this command, skipping snapshotting. 
2019/12/06 17:09:21 existing blob: sha256:ab5ef0e5819490abe86106fd9f4381123e37a03e80e650be39f7938d30ecb530
2019/12/06 17:09:21 mounted blob: sha256:bc701d78d2eb48ebbb04d6006fd46ac2e874c60636ecf1a0e316f843f5e3eb53
2019/12/06 17:09:21 mounted blob: sha256:5dc69c3e4112e9350c02c3e112bf4ac0a7fe4db57b54ce70cf025a93b995a224
2019/12/06 17:09:21 mounted blob: sha256:5ce75baa4314ddd7ce4799d13c1fcb407e6e7f42a3770bb8b3c5c11e425e8b45
2019/12/06 17:09:21 mounted blob: sha256:8ede99f3b5e6d3bc23bef60f5d082eef990956ae881c799ae416c57c17499a1b
2019/12/06 17:09:21 mounted blob: sha256:2aca5d9b7826f56316e337d648f3b516f993880b01b8902e3d28e65b6f42f8f2
2019/12/06 17:09:21 mounted blob: sha256:d1204da5b5a45d99ebd5a9cf42197cec42b97d7d3316db48ac25ad7cd1385e13
2019/12/06 17:09:21 mounted blob: sha256:f7c60f62a99007c13f4fee49362b8c91446e8ae4a23f40cfd2bc8f3d2e1442a7
2019/12/06 17:09:21 mounted blob: sha256:d22067f7a0da2cdb8e7b72842612b7951b1e6a67113b967ec624a2d029d973f6
2019/12/06 17:09:21 mounted blob: sha256:8120d160296a3e783904616e5fb92de1afa92473ede97b106be5c2b80ca3c923
2019/12/06 17:09:21 mounted blob: sha256:33c5f3458a8ba28b60029a1b8aa2d3a3e4fb675835ba2e0a645b36b0bff5bb74
2019/12/06 17:09:21 mounted blob: sha256:3da2fee818b9610f7d7441273ddce1617557fb99be565f17e2b008745f54ca42
2019/12/06 17:09:21 mounted blob: sha256:1b7d5ebe12ef50a47a060a0dd76a688e1762628e9392dab58afe86478d6d8f34
2019/12/06 17:09:21 mounted blob: sha256:3ffb4fc22b5cc0e70d4e0f389945b8f2398eb0e488a64eddf52f6552a85e7d41
2019/12/06 17:09:21 mounted blob: sha256:8c609bf29c6d63aa4661ec778d16444022fb7888139475b74a58c170ddbcb75d
2019/12/06 17:09:21 mounted blob: sha256:4e060148e35d9445d941963bf855b31945e2bb03d398f9eb7e76a4de2ff377a2
2019/12/06 17:09:22 mounted blob: sha256:1466bfea75cf3d08a60f0955e49f57320fe1fd1eff319922c625ed4158ec91e2
2019/12/06 17:09:24 pushed blob: sha256:93fd1b5ff2291684ddedb8b2ed9a817e628cc0050b47a93118e1848e4bce40b1
2019/12/06 17:09:25 pushed blob: sha256:3f56945ec76a2a24febad5e0d83810d19488dcfff9f05489f4eaf72a3a7461bc
2019/12/06 17:09:27 gcr.io/**-mar19/**-app-fossa:0.0.26: digest: sha256:9e6d5bf686a8220beac77710294a611f0a6f051a6360c36f23b3d41f40d54877 size: 3216

Showing logs for build [32mbootstrap-jersey-jx-app-fossa-m-4cdhp-27[0m stage [32mfrom-build-pack[0m and container [32mstep-build-post-build[0m
no CVE provider running in the current ** namespace so skip adding image to be analysed

Showing logs for build [32mbootstrap-jersey-jx-app-fossa-m-4cdhp-27[0m stage [32mfrom-build-pack[0m and container [32mstep-promote-changelog[0m
Converted /workspace/source/charts/**-app-fossa to an unshallow repository
Generating change log from git ref 8431b75a81c1aae37a565a6cba9e4722bab8147a => bbb572deebcfcc08ddf853bb0d68f8bf217a304f
WARNING: Failed to enrich commit 515befcf0fc3bd33090731127667a69e8781c64d with issues: selected more than one user from users.jenkins.io: [tdcox x-0]
WARNING: Failed to enrich commit 515befcf0fc3bd33090731127667a69e8781c64d with issues: selected more than one user from users.jenkins.io: [tdcox x-0]
Finding issues in commit messages using git format
WARNING: No release found for Bootstrap-Jersey/**-app-fossa and tag v0.0.26 so creating a new release
Updated the release information at https://github.com/Bootstrap-Jersey/**-app-fossa/releases/tag/v0.0.26
generated: /workspace/source/charts/**-app-fossa/templates/release.yaml
Created Release **-app-fossa-0-0-26 resource in namespace **
Updating PipelineActivity bootstrap-jersey-**-app-fossa-master-27 with version 0.0.26
Updated PipelineActivities bootstrap-jersey-**-app-fossa-master-27 with release notes URL: https://github.com/Bootstrap-Jersey/**-app-fossa/releases/tag/v0.0.26

Showing logs for build [32mbootstrap-jersey-jx-app-fossa-m-4cdhp-27[0m stage [32mfrom-build-pack[0m and container [32mstep-promote-helm-release[0m
WARNING: No $CHART_REPOSITORY defined so using the default value of: http://jenkins-x-chartmuseum:8080
Adding missing Helm repo: storage.googleapis.com https://storage.googleapis.com/chartmuseum.jenkins-x.io
Successfully added Helm repository storage.googleapis.com.
Adding missing Helm repo: jenkins-x-chartmuseum http://jenkins-x-chartmuseum:8080
Successfully added Helm repository jenkins-x-chartmuseum.
WARNING: No $CHART_REPOSITORY defined so using the default value of: http://jenkins-x-chartmuseum:8080
Uploading chart file **-app-fossa-0.0.26.tgz to http://jenkins-x-chartmuseum:8080/api/charts
Received 201 response: {"saved":true}

Showing logs for build [32mbootstrap-jersey-jx-app-fossa-m-4cdhp-27[0m stage [32mfrom-build-pack[0m and container [32mstep-promote-jx-promote[0m
WARNING: prow based install so skip waiting for the merge of Pull Requests to go green as currently there is an issue with gettingstatuses from the PR, see https://github.com/jenkins-x/**/issues/2410
WARNING: No $CHART_REPOSITORY defined so using the default value of: http://jenkins-x-chartmuseum:8080
Promoting app **-app-fossa version 0.0.26 to namespace **-man
Created Pull Request: https://github.com/Bootstrap-Jersey/environment-**-man/pull/21
Added label updatebot to Pull Request https://github.com/Bootstrap-Jersey/environment-**-man/pull/21
got git provider status pending from PR https://github.com/Bootstrap-Jersey/environment-**-man/pull/21
got git provider status pending from PR https://github.com/Bootstrap-Jersey/environment-**-man/pull/21
got git provider status pending from PR https://github.com/Bootstrap-Jersey/environment-**-man/pull/21
got git provider status pending from PR https://github.com/Bootstrap-Jersey/environment-**-man/pull/21
Pull Request https://github.com/Bootstrap-Jersey/environment-**-man/pull/21 is merged at sha f4497cae0ab6fd43c6aad7f2fb41fd3fe93118cb
Pull Request merged but we are not waiting for the update pipeline to complete!
WARNING: Could not find the service URL in namespace **-man for names **-app-fossa, **-**-app-fossa, **-man-**-app-fossa
Promoting app **-app-fossa version 0.0.26 to namespace **-staging
Created Pull Request: https://github.com/Bootstrap-Jersey/environment-d80-staging/pull/21
Added label updatebot to Pull Request https://github.com/Bootstrap-Jersey/environment-d80-staging/pull/21
WARNING: Failed to query the Pull Request last commit status for https://github.com/Bootstrap-Jersey/environment-d80-staging/pull/21 ref 2c871505c660982dd53b656d446dea2fe995a831 Could not find a status for repository bootstrap-jersey/environment-d80-staging with ref 2c871505c660982dd53b656d446dea2fe995a831
WARNING: Failed to query the Pull Request last commit status for https://github.com/Bootstrap-Jersey/environment-d80-staging/pull/21 ref 2c871505c660982dd53b656d446dea2fe995a831 Could not find a status for repository bootstrap-jersey/environment-d80-staging with ref 2c871505c660982dd53b656d446dea2fe995a831
Pull Request https://github.com/Bootstrap-Jersey/environment-d80-staging/pull/21 is merged at sha 4ee14e69025dbcb3755e49e2403359d4d7bab780
Pull Request merged but we are not waiting for the update pipeline to complete!
WARNING: Could not find the service URL in namespace **-staging for names **-app-fossa, **-**-app-fossa, **-staging-**-app-fossa
