
Showing logs for build [32mbootstrap-jersey-jx-app-fossa-m-4rcs7-28[0m stage [32mfrom-build-pack[0m and container [32mstep-credential-initializer-mjj5l[0m
{"level":"warn","ts":1575886352.0489929,"logger":"fallback-logger","caller":"logging/config.go:69","msg":"Fetch GitHub commit ID from kodata failed: \"ref: refs/heads/master\" is not a valid GitHub commit ID"}
{"level":"info","ts":1575886352.049449,"logger":"fallback-logger","caller":"creds-init/main.go:40","msg":"Credentials initialized."}

Showing logs for build [32mbootstrap-jersey-jx-app-fossa-m-4rcs7-28[0m stage [32mfrom-build-pack[0m and container [32mstep-working-dir-initializer-mfq8p[0m
{"level":"warn","ts":1575886353.397807,"logger":"fallback-logger","caller":"logging/config.go:69","msg":"Fetch GitHub commit ID from kodata failed: open /var/run/ko/HEAD: no such file or directory"}
{"level":"info","ts":1575886353.3990307,"logger":"fallback-logger","caller":"bash/main.go:65","msg":"Successfully executed command \"mkdir -p /workspace/source\""}

Showing logs for build [32mbootstrap-jersey-jx-app-fossa-m-4rcs7-28[0m stage [32mfrom-build-pack[0m and container [32mstep-place-tools[0m

Showing logs for build [32mbootstrap-jersey-jx-app-fossa-m-4rcs7-28[0m stage [32mfrom-build-pack[0m and container [32mstep-git-source-bootstrap-jersey-jx-app-fossa-m-bcxdg[0m
{"level":"warn","ts":1575886360.54297,"logger":"fallback-logger","caller":"logging/config.go:69","msg":"Fetch GitHub commit ID from kodata failed: \"ref: refs/heads/master\" is not a valid GitHub commit ID"}
{"level":"info","ts":1575886361.4568663,"logger":"fallback-logger","caller":"git/git.go:102","msg":"Successfully cloned https://github.com/Bootstrap-Jersey/**-app-fossa.git @ v0.0.27 in path /workspace/source"}

Showing logs for build [32mbootstrap-jersey-jx-app-fossa-m-4rcs7-28[0m stage [32mfrom-build-pack[0m and container [32mstep-git-merge[0m
Using SHAs from PULL_REFS=master:2d014c15b0955b1ca47c810c5472994af0c721bc
WARNING: no SHAs to merge, falling back to initial cloned commit

Showing logs for build [32mbootstrap-jersey-jx-app-fossa-m-4rcs7-28[0m stage [32mfrom-build-pack[0m and container [32mstep-setup-jx-git-credentials[0m
Generated Git credentials file /workspace/xdg_config/git/credentials

Showing logs for build [32mbootstrap-jersey-jx-app-fossa-m-4rcs7-28[0m stage [32mfrom-build-pack[0m and container [32mstep-build-make-build[0m
go: warning: "./..." matched no packages
go: warning: "./..." matched no packages
echo 'nothing to build'
nothing to build

Showing logs for build [32mbootstrap-jersey-jx-app-fossa-m-4rcs7-28[0m stage [32mfrom-build-pack[0m and container [32mstep-build-container-build[0m
[36mINFO[0m[0000] Downloading base image gcr.io/jenkinsxio/builder-go-maven:2.0.1062-389 
[36mINFO[0m[0000] Error while retrieving image from cache: getting file info: stat /workspace/sha256:18719c23d11d291db52d4b21ddc601438229f413aa5c4c91bba65391d5cbe314: no such file or directory 
[36mINFO[0m[0000] Downloading base image gcr.io/jenkinsxio/builder-go-maven:2.0.1062-389 
[36mINFO[0m[0001] cmd: USER                                    
[36mINFO[0m[0001] Checking for cached layer gcr.io/**-mar19/cache:2da7cca35eabe2abfdbacb40d75db5fdbcc15b0d825ac1f0b65f64d6c4127f0d... 
[36mINFO[0m[0002] No cached layer found for cmd RUN wget https://github.com/stedolan/jq/releases/download/jq-${JQ_RELEASE_VERSION}/jq-linux64 && mv jq-linux64 jq && chmod +x jq && cp jq /usr/bin/jq 
[36mINFO[0m[0002] Unpacking rootfs as cmd RUN wget https://github.com/stedolan/jq/releases/download/jq-${JQ_RELEASE_VERSION}/jq-linux64 && mv jq-linux64 jq && chmod +x jq && cp jq /usr/bin/jq requires it. 
[36mINFO[0m[0131] Taking snapshot of full filesystem...        
[36mINFO[0m[1146] USER root                                    
[36mINFO[0m[1146] cmd: USER                                    
[36mINFO[0m[1146] No files changed in this command, skipping snapshotting. 
[36mINFO[0m[1146] ENV JQ_RELEASE_VERSION 1.5                   
[36mINFO[0m[1146] No files changed in this command, skipping snapshotting. 
[36mINFO[0m[1146] RUN wget https://github.com/stedolan/jq/releases/download/jq-${JQ_RELEASE_VERSION}/jq-linux64 && mv jq-linux64 jq && chmod +x jq && cp jq /usr/bin/jq 
[36mINFO[0m[1146] cmd: /bin/sh                                 
[36mINFO[0m[1146] args: [-c wget https://github.com/stedolan/jq/releases/download/jq-${JQ_RELEASE_VERSION}/jq-linux64 && mv jq-linux64 jq && chmod +x jq && cp jq /usr/bin/jq] 
--2019-12-09 10:31:49--  https://github.com/stedolan/jq/releases/download/jq-1.5/jq-linux64
Resolving github.com (github.com)... 140.82.118.3
Connecting to github.com (github.com)|140.82.118.3|:443... connected.
HTTP request sent, awaiting response... 302 Found
Location: https://github-production-release-asset-2e65be.s3.amazonaws.com/5101141/65ac1c64-43ac-11e5-9195-46846013b9a3?X-Amz-Algorithm=AWS4-HMAC-SHA256&X-Amz-Credential=AKIAIWNJYAX4CSVEH53A%2F20191209%2Fus-east-1%2Fs3%2Faws4_request&X-Amz-Date=20191209T103150Z&X-Amz-Expires=300&X-Amz-Signature=ef709e34a4e67a3eb0e7105f3b088ade46201de1af248f8f8272d8e0599d6b73&X-Amz-SignedHeaders=host&actor_id=0&response-content-disposition=attachment%3B%20filename%3Djq-linux64&response-content-type=application%2Foctet-stream [following]
--2019-12-09 10:31:50--  https://github-production-release-asset-2e65be.s3.amazonaws.com/5101141/65ac1c64-43ac-11e5-9195-46846013b9a3?X-Amz-Algorithm=AWS4-HMAC-SHA256&X-Amz-Credential=AKIAIWNJYAX4CSVEH53A%2F20191209%2Fus-east-1%2Fs3%2Faws4_request&X-Amz-Date=20191209T103150Z&X-Amz-Expires=300&X-Amz-Signature=ef709e34a4e67a3eb0e7105f3b088ade46201de1af248f8f8272d8e0599d6b73&X-Amz-SignedHeaders=host&actor_id=0&response-content-disposition=attachment%3B%20filename%3Djq-linux64&response-content-type=application%2Foctet-stream
Resolving github-production-release-asset-2e65be.s3.amazonaws.com (github-production-release-asset-2e65be.s3.amazonaws.com)... 52.217.38.132
Connecting to github-production-release-asset-2e65be.s3.amazonaws.com (github-production-release-asset-2e65be.s3.amazonaws.com)|52.217.38.132|:443... connected.
HTTP request sent, awaiting response... 200 OK
Length: 3027945 (2.9M) [application/octet-stream]
Saving to: ‘jq-linux64’

     0K .......... .......... .......... .......... ..........  1%  601K 5s
    50K .......... .......... .......... .......... ..........  3%  614K 5s
   100K .......... .......... .......... .......... ..........  5%  608K 5s
   150K .......... .......... .......... .......... ..........  6% 33.7M 3s
   200K .......... .......... .......... .......... ..........  8% 71.6M 3s
   250K .......... .......... .......... .......... .......... 10%  619K 3s
   300K .......... .......... .......... .......... .......... 11% 96.1M 2s
   350K .......... .......... .......... .......... .......... 13% 68.0M 2s
   400K .......... .......... .......... .......... .......... 15% 44.7M 2s
   450K .......... .......... .......... .......... .......... 16% 81.3M 2s
   500K .......... .......... .......... .......... .......... 18%  640K 2s
   550K .......... .......... .......... .......... .......... 20% 32.2M 2s
   600K .......... .......... .......... .......... .......... 21%  106M 1s
   650K .......... .......... .......... .......... .......... 23% 33.7M 1s
   700K .......... .......... .......... .......... .......... 25% 62.9M 1s
   750K .......... .......... .......... .......... .......... 27%  156M 1s
   800K .......... .......... .......... .......... .......... 28% 59.0M 1s
   850K .......... .......... .......... .......... .......... 30%  226M 1s
   900K .......... .......... .......... .......... .......... 32%  642K 1s
   950K .......... .......... .......... .......... .......... 33% 79.4M 1s
  1000K .......... .......... .......... .......... .......... 35% 61.2M 1s
  1050K .......... .......... .......... .......... .......... 37% 35.6M 1s
  1100K .......... .......... .......... .......... .......... 38%  104M 1s
  1150K .......... .......... .......... .......... .......... 40% 46.8M 1s
  1200K .......... .......... .......... .......... .......... 42%  164M 1s
  1250K .......... .......... .......... .......... .......... 43% 73.8M 1s
  1300K .......... .......... .......... .......... .......... 45% 58.4M 1s
  1350K .......... .......... .......... .......... .......... 47%  141M 1s
  1400K .......... .......... .......... .......... .......... 49% 59.4M 1s
  1450K .......... .......... .......... .......... .......... 50%  129M 0s
  1500K .......... .......... .......... .......... .......... 52% 67.2M 0s
  1550K .......... .......... .......... .......... .......... 54% 54.0M 0s
  1600K .......... .......... .......... .......... .......... 55%  130M 0s
  1650K .......... .......... .......... .......... .......... 57%  153M 0s
  1700K .......... .......... .......... .......... .......... 59% 61.2M 0s
  1750K .......... .......... .......... .......... .......... 60%  717K 0s
  1800K .......... .......... .......... .......... .......... 62% 23.6M 0s
  1850K .......... .......... .......... .......... .......... 64%  137M 0s
  1900K .......... .......... .......... .......... .......... 65%  108M 0s
  1950K .......... .......... .......... .......... .......... 67% 36.7M 0s
  2000K .......... .......... .......... .......... .......... 69% 45.1M 0s
  2050K .......... .......... .......... .......... .......... 71% 40.1M 0s
  2100K .......... .......... .......... .......... .......... 72%  131M 0s
  2150K .......... .......... .......... .......... .......... 74%  178M 0s
  2200K .......... .......... .......... .......... .......... 76% 61.5M 0s
  2250K .......... .......... .......... .......... .......... 77%  196M 0s
  2300K .......... .......... .......... .......... .......... 79% 39.3M 0s
  2350K .......... .......... .......... .......... .......... 81%  153M 0s
  2400K .......... .......... .......... .......... .......... 82%  156M 0s
  2450K .......... .......... .......... .......... .......... 84% 60.4M 0s
  2500K .......... .......... .......... .......... .......... 86%  144M 0s
  2550K .......... .......... .......... .......... .......... 87% 42.9M 0s
  2600K .......... .......... .......... .......... .......... 89%  180M 0s
  2650K .......... .......... .......... .......... .......... 91%  717K 0s
  2700K .......... .......... .......... .......... .......... 93% 25.2M 0s
  2750K .......... .......... .......... .......... .......... 94%  166M 0s
  2800K .......... .......... .......... .......... .......... 96% 74.8M 0s
  2850K .......... .......... .......... .......... .......... 98% 54.6M 0s
  2900K .......... .......... .......... .......... .......... 99%  197M 0s
  2950K ......                                                100% 13309G=0.7s

2019-12-09 10:31:51 (4.37 MB/s) - ‘jq-linux64’ saved [3027945/3027945]

[36mINFO[0m[1148] Taking snapshot of full filesystem...        
[36mINFO[0m[2100] Using files from context: [/workspace/source/**-app-fossa.sh] 
[36mINFO[0m[2100] COPY ./**-app-fossa.sh /                     
[36mINFO[0m[2100] Pushing layer gcr.io/**-mar19/cache:2da7cca35eabe2abfdbacb40d75db5fdbcc15b0d825ac1f0b65f64d6c4127f0d to cache now 
[36mINFO[0m[2100] Taking snapshot of files...                  
[36mINFO[0m[2100] ENTRYPOINT ["/**-app-fossa.sh"]              
[36mINFO[0m[2100] No files changed in this command, skipping snapshotting. 
2019/12/09 10:47:47 pushed blob: sha256:3a26da7fa2a804f6bbbdd20aab898cd2958a78e2fbeaf606e7147c6032c9c7a8
2019/12/09 10:47:48 pushed blob: sha256:2635ced4ed3295304e8760727add774b1511489bef759b3b27b503376da1301f
2019/12/09 10:47:49 gcr.io/**-mar19/cache:2da7cca35eabe2abfdbacb40d75db5fdbcc15b0d825ac1f0b65f64d6c4127f0d: digest: sha256:9667c92d32d9d337684554d249439ea6a7d4b7dcb2e44cb2ef9e0f870862080d size: 428
2019/12/09 10:47:50 existing blob: sha256:8ede99f3b5e6d3bc23bef60f5d082eef990956ae881c799ae416c57c17499a1b
2019/12/09 10:47:50 existing blob: sha256:d1204da5b5a45d99ebd5a9cf42197cec42b97d7d3316db48ac25ad7cd1385e13
2019/12/09 10:47:50 existing blob: sha256:1466bfea75cf3d08a60f0955e49f57320fe1fd1eff319922c625ed4158ec91e2
2019/12/09 10:47:50 existing blob: sha256:2635ced4ed3295304e8760727add774b1511489bef759b3b27b503376da1301f
2019/12/09 10:47:50 existing blob: sha256:d22067f7a0da2cdb8e7b72842612b7951b1e6a67113b967ec624a2d029d973f6
2019/12/09 10:47:50 existing blob: sha256:5dc69c3e4112e9350c02c3e112bf4ac0a7fe4db57b54ce70cf025a93b995a224
2019/12/09 10:47:50 existing blob: sha256:ab5ef0e5819490abe86106fd9f4381123e37a03e80e650be39f7938d30ecb530
2019/12/09 10:47:50 existing blob: sha256:1b7d5ebe12ef50a47a060a0dd76a688e1762628e9392dab58afe86478d6d8f34
2019/12/09 10:47:50 existing blob: sha256:bc701d78d2eb48ebbb04d6006fd46ac2e874c60636ecf1a0e316f843f5e3eb53
2019/12/09 10:47:50 existing blob: sha256:8c609bf29c6d63aa4661ec778d16444022fb7888139475b74a58c170ddbcb75d
2019/12/09 10:47:50 existing blob: sha256:3ffb4fc22b5cc0e70d4e0f389945b8f2398eb0e488a64eddf52f6552a85e7d41
2019/12/09 10:47:50 existing blob: sha256:8120d160296a3e783904616e5fb92de1afa92473ede97b106be5c2b80ca3c923
2019/12/09 10:47:50 existing blob: sha256:4e060148e35d9445d941963bf855b31945e2bb03d398f9eb7e76a4de2ff377a2
2019/12/09 10:47:50 existing blob: sha256:f7c60f62a99007c13f4fee49362b8c91446e8ae4a23f40cfd2bc8f3d2e1442a7
2019/12/09 10:47:50 existing blob: sha256:2aca5d9b7826f56316e337d648f3b516f993880b01b8902e3d28e65b6f42f8f2
2019/12/09 10:47:50 existing blob: sha256:33c5f3458a8ba28b60029a1b8aa2d3a3e4fb675835ba2e0a645b36b0bff5bb74
2019/12/09 10:47:50 existing blob: sha256:5ce75baa4314ddd7ce4799d13c1fcb407e6e7f42a3770bb8b3c5c11e425e8b45
2019/12/09 10:47:50 existing blob: sha256:3da2fee818b9610f7d7441273ddce1617557fb99be565f17e2b008745f54ca42
2019/12/09 10:47:53 pushed blob: sha256:bc09c4c43252e00419754492920c0fc7b0724501ad552c172e3506bb35307bac
2019/12/09 10:47:54 pushed blob: sha256:99666c7110d08f01b8c5683929ddd692310270b2309fb8f8250a3ba76feab057
2019/12/09 10:47:55 gcr.io/**-mar19/**-app-fossa:0.0.27: digest: sha256:d41daedd9e04dc53d5d250703d670bfe8400200cd17768debd6f01e1dc9b139a size: 3380

Showing logs for build [32mbootstrap-jersey-jx-app-fossa-m-4rcs7-28[0m stage [32mfrom-build-pack[0m and container [32mstep-build-post-build[0m
no CVE provider running in the current ** namespace so skip adding image to be analysed

Showing logs for build [32mbootstrap-jersey-jx-app-fossa-m-4rcs7-28[0m stage [32mfrom-build-pack[0m and container [32mstep-promote-changelog[0m
Converted /workspace/source/charts/**-app-fossa to an unshallow repository
Generating change log from git ref bbb572deebcfcc08ddf853bb0d68f8bf217a304f => 297f6bb0980edc66ecbaa10dc5c3cb4fa40cacd0
WARNING: Failed to enrich commit 2d014c15b0955b1ca47c810c5472994af0c721bc with issues: selected more than one user from users.jenkins.io: [tdcox x-0]
WARNING: Failed to enrich commit 2d014c15b0955b1ca47c810c5472994af0c721bc with issues: selected more than one user from users.jenkins.io: [tdcox x-0]
Finding issues in commit messages using git format
WARNING: No release found for Bootstrap-Jersey/**-app-fossa and tag v0.0.27 so creating a new release
Updated the release information at https://github.com/Bootstrap-Jersey/**-app-fossa/releases/tag/v0.0.27
generated: /workspace/source/charts/**-app-fossa/templates/release.yaml
Created Release **-app-fossa-0-0-27 resource in namespace **
Updating PipelineActivity bootstrap-jersey-**-app-fossa-master-28 with version 0.0.27
Updated PipelineActivities bootstrap-jersey-**-app-fossa-master-28 with release notes URL: https://github.com/Bootstrap-Jersey/**-app-fossa/releases/tag/v0.0.27

Showing logs for build [32mbootstrap-jersey-jx-app-fossa-m-4rcs7-28[0m stage [32mfrom-build-pack[0m and container [32mstep-promote-helm-release[0m
WARNING: No $CHART_REPOSITORY defined so using the default value of: http://jenkins-x-chartmuseum:8080
Adding missing Helm repo: storage.googleapis.com https://storage.googleapis.com/chartmuseum.jenkins-x.io
Successfully added Helm repository storage.googleapis.com.
Adding missing Helm repo: jenkins-x-chartmuseum http://jenkins-x-chartmuseum:8080
Successfully added Helm repository jenkins-x-chartmuseum.
WARNING: No $CHART_REPOSITORY defined so using the default value of: http://jenkins-x-chartmuseum:8080
Uploading chart file **-app-fossa-0.0.27.tgz to http://jenkins-x-chartmuseum:8080/api/charts
Received 201 response: {"saved":true}

Showing logs for build [32mbootstrap-jersey-jx-app-fossa-m-4rcs7-28[0m stage [32mfrom-build-pack[0m and container [32mstep-promote-jx-promote[0m
WARNING: prow based install so skip waiting for the merge of Pull Requests to go green as currently there is an issue with gettingstatuses from the PR, see https://github.com/jenkins-x/**/issues/2410
WARNING: No $CHART_REPOSITORY defined so using the default value of: http://jenkins-x-chartmuseum:8080
Promoting app **-app-fossa version 0.0.27 to namespace **-man
Created Pull Request: https://github.com/Bootstrap-Jersey/environment-**-man/pull/23
Added label updatebot to Pull Request https://github.com/Bootstrap-Jersey/environment-**-man/pull/23
got git provider status pending from PR https://github.com/Bootstrap-Jersey/environment-**-man/pull/23
got git provider status pending from PR https://github.com/Bootstrap-Jersey/environment-**-man/pull/23
got git provider status pending from PR https://github.com/Bootstrap-Jersey/environment-**-man/pull/23
got git provider status pending from PR https://github.com/Bootstrap-Jersey/environment-**-man/pull/23
got git provider status pending from PR https://github.com/Bootstrap-Jersey/environment-**-man/pull/23
Pull Request https://github.com/Bootstrap-Jersey/environment-**-man/pull/23 is merged at sha 2f09d34ea6057894e8db909a81c831a5adf392f9
Pull Request merged but we are not waiting for the update pipeline to complete!
WARNING: Could not find the service URL in namespace **-man for names **-app-fossa, **-**-app-fossa, **-man-**-app-fossa
Promoting app **-app-fossa version 0.0.27 to namespace **-staging
Created Pull Request: https://github.com/Bootstrap-Jersey/environment-d80-staging/pull/23
Added label updatebot to Pull Request https://github.com/Bootstrap-Jersey/environment-d80-staging/pull/23
WARNING: Failed to query the Pull Request last commit status for https://github.com/Bootstrap-Jersey/environment-d80-staging/pull/23 ref 334aa961e94213ea56d51e793b495fd4ce523be2 Could not find a status for repository bootstrap-jersey/environment-d80-staging with ref 334aa961e94213ea56d51e793b495fd4ce523be2
WARNING: Failed to query the Pull Request last commit status for https://github.com/Bootstrap-Jersey/environment-d80-staging/pull/23 ref 334aa961e94213ea56d51e793b495fd4ce523be2 Could not find a status for repository bootstrap-jersey/environment-d80-staging with ref 334aa961e94213ea56d51e793b495fd4ce523be2
WARNING: Failed to query the Pull Request last commit status for https://github.com/Bootstrap-Jersey/environment-d80-staging/pull/23 ref 334aa961e94213ea56d51e793b495fd4ce523be2 Could not find a status for repository bootstrap-jersey/environment-d80-staging with ref 334aa961e94213ea56d51e793b495fd4ce523be2
Pull Request https://github.com/Bootstrap-Jersey/environment-d80-staging/pull/23 is merged at sha 2382acc0b5890e5c68971c5b9ed459eae4f29da1
Pull Request merged but we are not waiting for the update pipeline to complete!
WARNING: Could not find the service URL in namespace **-staging for names **-app-fossa, **-**-app-fossa, **-staging-**-app-fossa
