
Showing logs for build [32mbootstrap-jersey-jx-app-fossa-m-sk78d-4[0m stage [32mrelease[0m and container [32mstep-credential-initializer-5vgkm[0m
{"level":"warn","ts":1575463642.7649722,"logger":"fallback-logger","caller":"logging/config.go:69","msg":"Fetch GitHub commit ID from kodata failed: \"ref: refs/heads/master\" is not a valid GitHub commit ID"}
{"level":"info","ts":1575463642.7656045,"logger":"fallback-logger","caller":"creds-init/main.go:40","msg":"Credentials initialized."}

Showing logs for build [32mbootstrap-jersey-jx-app-fossa-m-sk78d-4[0m stage [32mrelease[0m and container [32mstep-working-dir-initializer-cf5kz[0m
{"level":"warn","ts":1575463643.6973107,"logger":"fallback-logger","caller":"logging/config.go:69","msg":"Fetch GitHub commit ID from kodata failed: open /var/run/ko/HEAD: no such file or directory"}
{"level":"info","ts":1575463643.6983912,"logger":"fallback-logger","caller":"bash/main.go:65","msg":"Successfully executed command \"mkdir -p /workspace/source\""}

Showing logs for build [32mbootstrap-jersey-jx-app-fossa-m-sk78d-4[0m stage [32mrelease[0m and container [32mstep-place-tools[0m

Showing logs for build [32mbootstrap-jersey-jx-app-fossa-m-sk78d-4[0m stage [32mrelease[0m and container [32mstep-git-source-bootstrap-jersey-jx-app-fossa-m-qrrqw[0m
{"level":"warn","ts":1575463649.8061543,"logger":"fallback-logger","caller":"logging/config.go:69","msg":"Fetch GitHub commit ID from kodata failed: \"ref: refs/heads/master\" is not a valid GitHub commit ID"}
{"level":"info","ts":1575463651.3521,"logger":"fallback-logger","caller":"git/git.go:102","msg":"Successfully cloned https://github.com/Bootstrap-Jersey/**-app-fossa.git @ v0.0.4 in path /workspace/source"}

Showing logs for build [32mbootstrap-jersey-jx-app-fossa-m-sk78d-4[0m stage [32mrelease[0m and container [32mstep-git-merge[0m
Using SHAs from PULL_REFS=master:81aa20aa8447db055db3dc2156076e0fa8854104
WARNING: no SHAs to merge, falling back to initial cloned commit

Showing logs for build [32mbootstrap-jersey-jx-app-fossa-m-sk78d-4[0m stage [32mrelease[0m and container [32mstep-step2[0m
go: warning: "./..." matched no packages
go: warning: "./..." matched no packages
sed -i -e "s/version:.*/version: 0.0.4/" ./charts/**-app-fossa/Chart.yaml
sed -i -e "s/tag: .*/tag: 0.0.4/" ./charts/**-app-fossa/values.yaml
DOCKER_REGISTRY= VERSION=0.0.4 skaffold build -f skaffold.yaml
time="2019-12-04T12:47:32Z" level=warning msg="config version (skaffold/v1beta2) out of date: upgrading to latest (skaffold/v1beta7)"
Generating tags...
 - **-mar19/**-app-fossa -> /**-mar19/**-app-fossa:0.0.4
Tags generated in 201.331µs
Starting build...
Building [**-mar19/**-app-fossa]...
time="2019-12-04T12:47:32Z" level=fatal msg="build failed: building [**-mar19/**-app-fossa]: build artifact: docker build: Cannot connect to the Docker daemon at unix:///var/run/docker.sock. Is the docker daemon running?"
make: *** [skaffold-build] Error 1
[31m
Pipeline failed on stage 'release' : container 'step-step2'. The execution of the pipeline has stopped.[0m
