
Showing logs for build [32mbootstrap-jersey-jx-app-fossa-m-sk5tf-5[0m stage [32mrelease[0m and container [32mstep-credential-initializer-56rnt[0m
{"level":"warn","ts":1575466618.7752395,"logger":"fallback-logger","caller":"logging/config.go:69","msg":"Fetch GitHub commit ID from kodata failed: \"ref: refs/heads/master\" is not a valid GitHub commit ID"}
{"level":"info","ts":1575466618.77583,"logger":"fallback-logger","caller":"creds-init/main.go:40","msg":"Credentials initialized."}

Showing logs for build [32mbootstrap-jersey-jx-app-fossa-m-sk5tf-5[0m stage [32mrelease[0m and container [32mstep-working-dir-initializer-ms2fd[0m
{"level":"warn","ts":1575466619.751813,"logger":"fallback-logger","caller":"logging/config.go:69","msg":"Fetch GitHub commit ID from kodata failed: open /var/run/ko/HEAD: no such file or directory"}
{"level":"info","ts":1575466619.7530696,"logger":"fallback-logger","caller":"bash/main.go:65","msg":"Successfully executed command \"mkdir -p /workspace/source\""}

Showing logs for build [32mbootstrap-jersey-jx-app-fossa-m-sk5tf-5[0m stage [32mrelease[0m and container [32mstep-place-tools[0m

Showing logs for build [32mbootstrap-jersey-jx-app-fossa-m-sk5tf-5[0m stage [32mrelease[0m and container [32mstep-git-source-bootstrap-jersey-jx-app-fossa-m-5frxd[0m
{"level":"warn","ts":1575466623.8873575,"logger":"fallback-logger","caller":"logging/config.go:69","msg":"Fetch GitHub commit ID from kodata failed: \"ref: refs/heads/master\" is not a valid GitHub commit ID"}
{"level":"info","ts":1575466625.0797634,"logger":"fallback-logger","caller":"git/git.go:102","msg":"Successfully cloned https://github.com/Bootstrap-Jersey/**-app-fossa.git @ v0.0.5 in path /workspace/source"}

Showing logs for build [32mbootstrap-jersey-jx-app-fossa-m-sk5tf-5[0m stage [32mrelease[0m and container [32mstep-git-merge[0m
Using SHAs from PULL_REFS=master:8ecd2ab5438aa06ec593f9e46e3267b272c50555
WARNING: no SHAs to merge, falling back to initial cloned commit

Showing logs for build [32mbootstrap-jersey-jx-app-fossa-m-sk5tf-5[0m stage [32mrelease[0m and container [32mstep-step2[0m
go: warning: "./..." matched no packages
go: warning: "./..." matched no packages
sed -i -e "s/version:.*/version: 0.0.5/" ./charts/**-app-fossa/Chart.yaml
sed -i -e "s/tag: .*/tag: 0.0.5/" ./charts/**-app-fossa/values.yaml
DOCKER_REGISTRY= VERSION=0.0.5 skaffold build -f skaffold.yaml
time="2019-12-04T13:37:05Z" level=warning msg="config version (skaffold/v1beta2) out of date: upgrading to latest (skaffold/v1beta7)"
Generating tags...
 - **-mar19/**-app-fossa -> /**-mar19/**-app-fossa:0.0.5
Tags generated in 150.127µs
Starting build...
Building [**-mar19/**-app-fossa]...
time="2019-12-04T13:37:05Z" level=fatal msg="build failed: building [**-mar19/**-app-fossa]: build artifact: docker build: Cannot connect to the Docker daemon at unix:///var/run/docker.sock. Is the docker daemon running?"
make: *** [skaffold-build] Error 1
[31m
Pipeline failed on stage 'release' : container 'step-step2'. The execution of the pipeline has stopped.[0m
